<?xml version="1.0" encoding="UTF-8"?>
<testng-results ignored="0" total="7" passed="6" failed="1" skipped="0">
  <reporter-output>
  </reporter-output>
  <suite started-at="2024-07-14T19:21:14 IST" name="Suite" finished-at="2024-07-14T19:22:37 IST" duration-ms="83074">
    <groups>
    </groups>
    <test started-at="2024-07-14T19:21:14 IST" name="Test" finished-at="2024-07-14T19:22:37 IST" duration-ms="83074">
      <class name="com.ecommerceAutomation.testCases.TC_RegisterUser_001">
        <test-method is-config="true" signature="setUp()[pri:0, instance:com.ecommerceAutomation.testCases.TC_RegisterUser_001@6b9ce1bf]" started-at="2024-07-14T19:22:05 IST" name="setUp" finished-at="2024-07-14T19:22:12 IST" duration-ms="7236" status="PASS">
          <reporter-output>
          </reporter-output>
        </test-method> <!-- setUp -->
        <test-method signature="RegisterUser()[pri:0, instance:com.ecommerceAutomation.testCases.TC_RegisterUser_001@6b9ce1bf]" started-at="2024-07-14T19:22:12 IST" name="RegisterUser" finished-at="2024-07-14T19:22:15 IST" duration-ms="3673" status="FAIL">
          <exception class="org.openqa.selenium.NoSuchElementException">
            <message>
              <![CDATA[no such element: Unable to locate element: {"method":"xpath","selector":"//input[@type="radio" and @value="Mr"]"}
  (Session info: chrome=126.0.6478.127)
For documentation on this error, please visit: https://www.selenium.dev/documentation/webdriver/troubleshooting/errors#no-such-element-exception
Build info: version: '4.17.0', revision: 'e52b1be057*'
System info: os.name: 'Windows 11', os.arch: 'amd64', os.version: '10.0', java.version: '17.0.5'
Driver info: org.openqa.selenium.chrome.ChromeDriver
Command: [6d89641a8ec01dd6ca5ea732f4bc612d, findElement {value=//input[@type="radio" and @value="Mr"], using=xpath}]
Capabilities {acceptInsecureCerts: false, browserName: chrome, browserVersion: 126.0.6478.127, chrome: {chromedriverVersion: 126.0.6478.126 (d36ace6122e..., userDataDir: C:\Users\keert\AppData\Loca...}, fedcm:accounts: true, goog:chromeOptions: {debuggerAddress: localhost:63187}, networkConnectionEnabled: false, pageLoadStrategy: normal, platformName: windows, proxy: Proxy(), se:cdp: ws://localhost:63187/devtoo..., se:cdpVersion: 126.0.6478.127, setWindowRect: true, strictFileInteractability: false, timeouts: {implicit: 0, pageLoad: 300000, script: 30000}, unhandledPromptBehavior: dismiss and notify, webauthn:extension:credBlob: true, webauthn:extension:largeBlob: true, webauthn:extension:minPinLength: true, webauthn:extension:prf: true, webauthn:virtualAuthenticators: true}
Session ID: 6d89641a8ec01dd6ca5ea732f4bc612d]]>
            </message>
            <full-stacktrace>
              <![CDATA[org.openqa.selenium.NoSuchElementException: no such element: Unable to locate element: {"method":"xpath","selector":"//input[@type="radio" and @value="Mr"]"}
  (Session info: chrome=126.0.6478.127)
For documentation on this error, please visit: https://www.selenium.dev/documentation/webdriver/troubleshooting/errors#no-such-element-exception
Build info: version: '4.17.0', revision: 'e52b1be057*'
System info: os.name: 'Windows 11', os.arch: 'amd64', os.version: '10.0', java.version: '17.0.5'
Driver info: org.openqa.selenium.chrome.ChromeDriver
Command: [6d89641a8ec01dd6ca5ea732f4bc612d, findElement {value=//input[@type="radio" and @value="Mr"], using=xpath}]
Capabilities {acceptInsecureCerts: false, browserName: chrome, browserVersion: 126.0.6478.127, chrome: {chromedriverVersion: 126.0.6478.126 (d36ace6122e..., userDataDir: C:\Users\keert\AppData\Loca...}, fedcm:accounts: true, goog:chromeOptions: {debuggerAddress: localhost:63187}, networkConnectionEnabled: false, pageLoadStrategy: normal, platformName: windows, proxy: Proxy(), se:cdp: ws://localhost:63187/devtoo..., se:cdpVersion: 126.0.6478.127, setWindowRect: true, strictFileInteractability: false, timeouts: {implicit: 0, pageLoad: 300000, script: 30000}, unhandledPromptBehavior: dismiss and notify, webauthn:extension:credBlob: true, webauthn:extension:largeBlob: true, webauthn:extension:minPinLength: true, webauthn:extension:prf: true, webauthn:virtualAuthenticators: true}
Session ID: 6d89641a8ec01dd6ca5ea732f4bc612d
at java.base/jdk.internal.reflect.NativeConstructorAccessorImpl.newInstance0(Native Method)
at java.base/jdk.internal.reflect.NativeConstructorAccessorImpl.newInstance(NativeConstructorAccessorImpl.java:77)
at java.base/jdk.internal.reflect.DelegatingConstructorAccessorImpl.newInstance(DelegatingConstructorAccessorImpl.java:45)
at java.base/java.lang.reflect.Constructor.newInstanceWithCaller(Constructor.java:499)
at java.base/java.lang.reflect.Constructor.newInstance(Constructor.java:480)
at org.openqa.selenium.remote.codec.w3c.W3CHttpResponseCodec.createException(W3CHttpResponseCodec.java:185)
at org.openqa.selenium.remote.codec.w3c.W3CHttpResponseCodec.decode(W3CHttpResponseCodec.java:134)
at org.openqa.selenium.remote.codec.w3c.W3CHttpResponseCodec.decode(W3CHttpResponseCodec.java:51)
at org.openqa.selenium.remote.HttpCommandExecutor.execute(HttpCommandExecutor.java:190)
at org.openqa.selenium.remote.service.DriverCommandExecutor.invokeExecute(DriverCommandExecutor.java:216)
at org.openqa.selenium.remote.service.DriverCommandExecutor.execute(DriverCommandExecutor.java:174)
at org.openqa.selenium.remote.RemoteWebDriver.execute(RemoteWebDriver.java:519)
at org.openqa.selenium.remote.ElementLocation$ElementFinder$2.findElement(ElementLocation.java:165)
at org.openqa.selenium.remote.ElementLocation.findElement(ElementLocation.java:59)
at org.openqa.selenium.remote.RemoteWebDriver.findElement(RemoteWebDriver.java:356)
at org.openqa.selenium.remote.RemoteWebDriver.findElement(RemoteWebDriver.java:350)
at org.openqa.selenium.support.pagefactory.DefaultElementLocator.findElement(DefaultElementLocator.java:68)
at org.openqa.selenium.support.pagefactory.internal.LocatingElementHandler.invoke(LocatingElementHandler.java:38)
at jdk.proxy2/jdk.proxy2.$Proxy17.click(Unknown Source)
at com.ecommerceAutomation.pageObjects.RegisterUser.selectTitle(RegisterUser.java:156)
at com.ecommerceAutomation.testCases.TC_RegisterUser_001.RegisterUser(TC_RegisterUser_001.java:32)
at java.base/jdk.internal.reflect.NativeMethodAccessorImpl.invoke0(Native Method)
at java.base/jdk.internal.reflect.NativeMethodAccessorImpl.invoke(NativeMethodAccessorImpl.java:77)
at java.base/jdk.internal.reflect.DelegatingMethodAccessorImpl.invoke(DelegatingMethodAccessorImpl.java:43)
at java.base/java.lang.reflect.Method.invoke(Method.java:568)
at org.testng.internal.invokers.MethodInvocationHelper.invokeMethod(MethodInvocationHelper.java:139)
at org.testng.internal.invokers.TestInvoker.invokeMethod(TestInvoker.java:664)
at org.testng.internal.invokers.TestInvoker.invokeTestMethod(TestInvoker.java:228)
at org.testng.internal.invokers.MethodRunner.runInSequence(MethodRunner.java:63)
at org.testng.internal.invokers.TestInvoker$MethodInvocationAgent.invoke(TestInvoker.java:961)
at org.testng.internal.invokers.TestInvoker.invokeTestMethods(TestInvoker.java:201)
at org.testng.internal.invokers.TestMethodWorker.invokeTestMethods(TestMethodWorker.java:148)
at org.testng.internal.invokers.TestMethodWorker.run(TestMethodWorker.java:128)
at java.base/java.util.ArrayList.forEach(ArrayList.java:1511)
at org.testng.TestRunner.privateRun(TestRunner.java:819)
at org.testng.TestRunner.run(TestRunner.java:619)
at org.testng.SuiteRunner.runTest(SuiteRunner.java:443)
at org.testng.SuiteRunner.runSequentially(SuiteRunner.java:437)
at org.testng.SuiteRunner.privateRun(SuiteRunner.java:397)
at org.testng.SuiteRunner.run(SuiteRunner.java:336)
at org.testng.SuiteRunnerWorker.runSuite(SuiteRunnerWorker.java:52)
at org.testng.SuiteRunnerWorker.run(SuiteRunnerWorker.java:95)
at org.testng.TestNG.runSuitesSequentially(TestNG.java:1301)
at org.testng.TestNG.runSuitesLocally(TestNG.java:1228)
at org.testng.TestNG.runSuites(TestNG.java:1134)
at org.testng.TestNG.run(TestNG.java:1101)
at org.testng.remote.AbstractRemoteTestNG.run(AbstractRemoteTestNG.java:115)
at org.testng.remote.RemoteTestNG.initAndRun(RemoteTestNG.java:251)
at org.testng.remote.RemoteTestNG.main(RemoteTestNG.java:77)
]]>
            </full-stacktrace>
          </exception> <!-- org.openqa.selenium.NoSuchElementException -->
          <reporter-output>
          </reporter-output>
        </test-method> <!-- RegisterUser -->
        <test-method is-config="true" signature="tearDown()[pri:0, instance:com.ecommerceAutomation.testCases.TC_RegisterUser_001@6b9ce1bf]" started-at="2024-07-14T19:22:15 IST" name="tearDown" finished-at="2024-07-14T19:22:16 IST" duration-ms="675" status="PASS">
          <reporter-output>
          </reporter-output>
        </test-method> <!-- tearDown -->
      </class> <!-- com.ecommerceAutomation.testCases.TC_RegisterUser_001 -->
      <class name="com.ecommerceAutomation.testCases.TC_ContactUsForm_006">
        <test-method is-config="true" signature="setUp()[pri:0, instance:com.ecommerceAutomation.testCases.TC_ContactUsForm_006@6f2cb653]" started-at="2024-07-14T19:21:30 IST" name="setUp" finished-at="2024-07-14T19:21:36 IST" duration-ms="5830" status="PASS">
          <reporter-output>
          </reporter-output>
        </test-method> <!-- setUp -->
        <test-method signature="ContactUsForm()[pri:0, instance:com.ecommerceAutomation.testCases.TC_ContactUsForm_006@6f2cb653]" started-at="2024-07-14T19:21:36 IST" name="ContactUsForm" finished-at="2024-07-14T19:21:41 IST" duration-ms="5168" status="PASS">
          <reporter-output>
          </reporter-output>
        </test-method> <!-- ContactUsForm -->
        <test-method is-config="true" signature="tearDown()[pri:0, instance:com.ecommerceAutomation.testCases.TC_ContactUsForm_006@6f2cb653]" started-at="2024-07-14T19:21:41 IST" name="tearDown" finished-at="2024-07-14T19:21:42 IST" duration-ms="529" status="PASS">
          <reporter-output>
          </reporter-output>
        </test-method> <!-- tearDown -->
      </class> <!-- com.ecommerceAutomation.testCases.TC_ContactUsForm_006 -->
      <class name="com.ecommerceAutomation.testCases.TC_ValidLogin_002">
        <test-method is-config="true" signature="setUp()[pri:0, instance:com.ecommerceAutomation.testCases.TC_ValidLogin_002@590c73d3]" started-at="2024-07-14T19:21:52 IST" name="setUp" finished-at="2024-07-14T19:21:59 IST" duration-ms="7361" status="PASS">
          <reporter-output>
          </reporter-output>
        </test-method> <!-- setUp -->
        <test-method signature="ValidLogin()[pri:0, instance:com.ecommerceAutomation.testCases.TC_ValidLogin_002@590c73d3]" started-at="2024-07-14T19:21:59 IST" name="ValidLogin" finished-at="2024-07-14T19:22:04 IST" duration-ms="4964" status="PASS">
          <reporter-output>
          </reporter-output>
        </test-method> <!-- ValidLogin -->
        <test-method is-config="true" signature="tearDown()[pri:0, instance:com.ecommerceAutomation.testCases.TC_ValidLogin_002@590c73d3]" started-at="2024-07-14T19:22:04 IST" name="tearDown" finished-at="2024-07-14T19:22:05 IST" duration-ms="417" status="PASS">
          <reporter-output>
          </reporter-output>
        </test-method> <!-- tearDown -->
      </class> <!-- com.ecommerceAutomation.testCases.TC_ValidLogin_002 -->
      <class name="com.ecommerceAutomation.testCases.TC_InvalidLogin_003">
        <test-method is-config="true" signature="setUp()[pri:0, instance:com.ecommerceAutomation.testCases.TC_InvalidLogin_003@40499e4f]" started-at="2024-07-14T19:21:14 IST" name="setUp" finished-at="2024-07-14T19:21:24 IST" duration-ms="10271" status="PASS">
          <reporter-output>
          </reporter-output>
        </test-method> <!-- setUp -->
        <test-method signature="InvalidLogin()[pri:0, instance:com.ecommerceAutomation.testCases.TC_InvalidLogin_003@40499e4f]" started-at="2024-07-14T19:21:24 IST" name="InvalidLogin" finished-at="2024-07-14T19:21:28 IST" duration-ms="4471" status="PASS">
          <reporter-output>
          </reporter-output>
        </test-method> <!-- InvalidLogin -->
        <test-method is-config="true" signature="tearDown()[pri:0, instance:com.ecommerceAutomation.testCases.TC_InvalidLogin_003@40499e4f]" started-at="2024-07-14T19:21:28 IST" name="tearDown" finished-at="2024-07-14T19:21:30 IST" duration-ms="1875" status="PASS">
          <reporter-output>
          </reporter-output>
        </test-method> <!-- tearDown -->
      </class> <!-- com.ecommerceAutomation.testCases.TC_InvalidLogin_003 -->
      <class name="com.ecommerceAutomation.testCases.TC_RegisterExistingUser_005">
        <test-method is-config="true" signature="setUp()[pri:0, instance:com.ecommerceAutomation.testCases.TC_RegisterExistingUser_005@14c01636]" started-at="2024-07-14T19:21:42 IST" name="setUp" finished-at="2024-07-14T19:21:48 IST" duration-ms="6292" status="PASS">
          <reporter-output>
          </reporter-output>
        </test-method> <!-- setUp -->
        <test-method signature="RegisterExistingUser()[pri:0, instance:com.ecommerceAutomation.testCases.TC_RegisterExistingUser_005@14c01636]" started-at="2024-07-14T19:21:48 IST" name="RegisterExistingUser" finished-at="2024-07-14T19:21:51 IST" duration-ms="3313" status="PASS">
          <reporter-output>
          </reporter-output>
        </test-method> <!-- RegisterExistingUser -->
        <test-method is-config="true" signature="tearDown()[pri:0, instance:com.ecommerceAutomation.testCases.TC_RegisterExistingUser_005@14c01636]" started-at="2024-07-14T19:21:51 IST" name="tearDown" finished-at="2024-07-14T19:21:52 IST" duration-ms="417" status="PASS">
          <reporter-output>
          </reporter-output>
        </test-method> <!-- tearDown -->
      </class> <!-- com.ecommerceAutomation.testCases.TC_RegisterExistingUser_005 -->
      <class name="com.ecommerceAutomation.testCases.TC_VerifyTestCasePage_007">
        <test-method is-config="true" signature="setUp()[pri:0, instance:com.ecommerceAutomation.testCases.TC_VerifyTestCasePage_007@75ed9710]" started-at="2024-07-14T19:22:29 IST" name="setUp" finished-at="2024-07-14T19:22:34 IST" duration-ms="5657" status="PASS">
          <reporter-output>
          </reporter-output>
        </test-method> <!-- setUp -->
        <test-method signature="verifyTestCasePage()[pri:0, instance:com.ecommerceAutomation.testCases.TC_VerifyTestCasePage_007@75ed9710]" started-at="2024-07-14T19:22:34 IST" name="verifyTestCasePage" finished-at="2024-07-14T19:22:36 IST" duration-ms="1901" status="PASS">
          <reporter-output>
          </reporter-output>
        </test-method> <!-- verifyTestCasePage -->
        <test-method is-config="true" signature="tearDown()[pri:0, instance:com.ecommerceAutomation.testCases.TC_VerifyTestCasePage_007@75ed9710]" started-at="2024-07-14T19:22:36 IST" name="tearDown" finished-at="2024-07-14T19:22:37 IST" duration-ms="489" status="PASS">
          <reporter-output>
          </reporter-output>
        </test-method> <!-- tearDown -->
      </class> <!-- com.ecommerceAutomation.testCases.TC_VerifyTestCasePage_007 -->
      <class name="com.ecommerceAutomation.testCases.TC_LogOut_004">
        <test-method is-config="true" signature="setUp()[pri:0, instance:com.ecommerceAutomation.testCases.TC_LogOut_004@61884cb1]" started-at="2024-07-14T19:22:16 IST" name="setUp" finished-at="2024-07-14T19:22:21 IST" duration-ms="5233" status="PASS">
          <reporter-output>
          </reporter-output>
        </test-method> <!-- setUp -->
        <test-method signature="LogOutUser()[pri:0, instance:com.ecommerceAutomation.testCases.TC_LogOut_004@61884cb1]" started-at="2024-07-14T19:22:21 IST" name="LogOutUser" finished-at="2024-07-14T19:22:28 IST" duration-ms="6541" status="PASS">
          <reporter-output>
          </reporter-output>
        </test-method> <!-- LogOutUser -->
        <test-method is-config="true" signature="tearDown()[pri:0, instance:com.ecommerceAutomation.testCases.TC_LogOut_004@61884cb1]" started-at="2024-07-14T19:22:28 IST" name="tearDown" finished-at="2024-07-14T19:22:29 IST" duration-ms="628" status="PASS">
          <reporter-output>
          </reporter-output>
        </test-method> <!-- tearDown -->
      </class> <!-- com.ecommerceAutomation.testCases.TC_LogOut_004 -->
    </test> <!-- Test -->
  </suite> <!-- Suite -->
</testng-results>
