<?xml version="1.0" encoding="UTF-8"?>
<testng-results ignored="0" total="1" passed="1" failed="0" skipped="0">
  <reporter-output>
  </reporter-output>
  <suite started-at="2024-07-18T19:24:55 IST" name="Suite" finished-at="2024-07-18T19:25:11 IST" duration-ms="15672">
    <groups>
    </groups>
    <test started-at="2024-07-18T19:24:55 IST" name="Test" finished-at="2024-07-18T19:25:11 IST" duration-ms="15672">
      <class name="com.ecommerceAutomation.testCases.TC_InvalidLogin_003">
        <test-method is-config="true" signature="setUp()[pri:0, instance:com.ecommerceAutomation.testCases.TC_InvalidLogin_003@354fc8f0]" started-at="2024-07-18T19:24:55 IST" name="setUp" finished-at="2024-07-18T19:25:04 IST" duration-ms="8897" status="PASS">
          <reporter-output>
          </reporter-output>
        </test-method> <!-- setUp -->
        <test-method signature="InvalidLogin()[pri:0, instance:com.ecommerceAutomation.testCases.TC_InvalidLogin_003@354fc8f0]" started-at="2024-07-18T19:25:04 IST" name="InvalidLogin" finished-at="2024-07-18T19:25:09 IST" duration-ms="5024" status="PASS">
          <reporter-output>
          </reporter-output>
        </test-method> <!-- InvalidLogin -->
        <test-method is-config="true" signature="tearDown()[pri:0, instance:com.ecommerceAutomation.testCases.TC_InvalidLogin_003@354fc8f0]" started-at="2024-07-18T19:25:09 IST" name="tearDown" finished-at="2024-07-18T19:25:11 IST" duration-ms="1666" status="PASS">
          <reporter-output>
          </reporter-output>
        </test-method> <!-- tearDown -->
      </class> <!-- com.ecommerceAutomation.testCases.TC_InvalidLogin_003 -->
    </test> <!-- Test -->
  </suite> <!-- Suite -->
</testng-results>
